make all --print-data-base --no-builtin-variables --no-builtin-rules --question
# GNU Make 3.81
# Copyright (C) 2006  Free Software Foundation, Inc.
# This is free software; see the source for copying conditions.
# There is NO warranty; not even for MERCHANTABILITY or FITNESS FOR A
# PARTICULAR PURPOSE.

# This program built for i386-apple-darwin11.3.0
 

# Make data base, printed on Thu Aug 25 18:55:14 2022

# Variables

# automatic
<D = $(patsubst %/,%,$(dir $<))
# automatic
?F = $(notdir $?)
# automatic
?D = $(patsubst %/,%,$(dir $?))
# automatic
@D = $(patsubst %/,%,$(dir $@))
# automatic
@F = $(notdir $@)
# makefile
CURDIR := /Users/2924108/hanish/general/hotstuff
# makefile
SHELL = /bin/sh
# environment
VSCODE_NLS_CONFIG = {"locale":"en-gb","availableLanguages":{},"_languagePackSupport":true}
# environment
_ = /usr/bin/make
# makefile (from `Makefile', line 1)
MAKEFILE_LIST :=  Makefile
# environment
GO111MODULE = on
# makefile (from `Makefile', line 6)
proto_go := internal/proto/clientpb/client.pb.go msg/hotstuff.pb.go internal/proto/orchestrationpb/orchestration.pb.go metrics/types/types.pb.go
# environment
VSCODE_AMD_ENTRYPOINT = vs/workbench/api/node/extensionHostProcess
# environment
__CFBundleIdentifier = com.microsoft.VSCode
# environment
VSCODE_CWD = /
# environment
GOPROXY = https://proxy.golang.org,direct
# environment
PATH = /opt/homebrew/opt/openjdk@11/bin:/opt/homebrew/bin:/usr/local/bin:/usr/bin:/bin:/usr/sbin:/sbin:/Library/TeX/texbin:/usr/local/go/bin:/Users/2924108/go/bin
# environment
GOPATH = /Users/2924108/go
# environment
LaunchInstanceID = 97EEF984-1FAF-4574-B744-BA0770DDD62A
# environment
ELECTRON_RUN_AS_NODE = 1
# makefile (from `Makefile', line 2)
proto_src := internal/proto/clientpb/client.proto msg/hotstuff.proto internal/proto/orchestrationpb/orchestration.proto metrics/types/types.proto
# default
.FEATURES := target-specific order-only second-expansion else-if archives jobserver check-symlink
# environment
SSH_AUTH_SOCK = /private/tmp/com.apple.launchd.RQ9DxtI75r/Listeners
# automatic
%F = $(notdir $%)
# environment
PWD = /Users/2924108/hanish/general/hotstuff
# environment
ORIGINAL_XDG_CURRENT_DESKTOP = undefined
# environment
GOMODCACHE = /Users/2924108/go/pkg/mod
# environment
HOME = /Users/2924108
# default
MAKEFILEPATH = $(shell /usr/bin/xcode-select -print-path 2>/dev/null || echo /Developer)/Makefiles
# environment
VSCODE_CODE_CACHE_PATH = /Users/2924108/Library/Application Support/Code/CachedData/6d9b74a70ca9c7733b29f0456fd8195364076dda
# environment
LOGNAME = 2924108
# environment
APPLICATION_INSIGHTS_NO_DIAGNOSTIC_CHANNEL = true
# environment
VSCODE_HANDLES_UNCAUGHT_ERRORS = true
# automatic
^D = $(patsubst %/,%,$(dir $^))
# environment
XPC_FLAGS = 0x0
# default
MAKE = $(MAKE_COMMAND)
# default
MAKECMDGOALS := all
# environment
SHLVL = 2
# default
MAKE_VERSION := 3.81
# environment
USER = 2924108
# makefile
.DEFAULT_GOAL := all
# automatic
%D = $(patsubst %/,%,$(dir $%))
# default
MAKE_COMMAND := /Library/Developer/CommandLineTools/usr/bin/make
# default
.VARIABLES := 
# environment
TMPDIR = /var/folders/0w/3r2rzl3j3_v34j7hfvmknc2h3hg0b3/T/
# automatic
*F = $(notdir $*)
# environment
VSCODE_IPC_HOOK = /Users/2924108/Library/Application Support/Code/1.70.1-main.sock
# environment
MallocNanoZone = 0
# makefile
MAKEFLAGS = Rrqp
# environment
MFLAGS = -Rrqp
# automatic
*D = $(patsubst %/,%,$(dir $*))
# environment
XPC_SERVICE_NAME = application.com.microsoft.VSCode.26615090.26615096
# automatic
+D = $(patsubst %/,%,$(dir $+))
# automatic
+F = $(notdir $+)
# makefile (from `Makefile', line 10)
binaries := hotstuff plot
# environment
__CF_USER_TEXT_ENCODING = 0x7078163:0x0:0x0
# environment
COMMAND_MODE = unix2003
# default
MAKEFILES := 
# automatic
<F = $(notdir $<)
# makefile (from `Makefile', line 7)
gorums_go := internal/proto/clientpb/client_gorums.pb.go msg/hotstuff.proto           
# environment
LC_ALL = C
# environment
SECURITYSESSIONID = 186a4
# automatic
^F = $(notdir $^)
# default
SUFFIXES := 
# default
.INCLUDE_DIRS = /usr/local/include
# environment
MAKELEVEL := 0
# makefile (from `Makefile', line 1)
proto_include := /Users/2924108/go/pkg/mod/github.com/relab/gorums@v0.7.1-0.20220307181651-94a8af8e467c:internal/proto
# environment
LANG = C
# environment
VSCODE_PID = 712
# variable set hash-table stats:
# Load=69/1024=7%, Rehash=0, Collisions=2/106=2%

# Pattern-specific Variable Values

# No pattern-specific variable values.

# Directories

# metrics/types (device 16777229, inode 26013880): 5 files, no impossibilities so far.
# . (device 16777229, inode 26013664): 37 files, no impossibilities.
# msg (device 16777229, inode 26709818): No files, no impossibilities so far.
# internal/proto/orchestrationpb (device 16777229, inode 26013848): 3 files, no impossibilities so far.
# internal/proto/clientpb (device 16777229, inode 26013834): 5 files, no impossibilities.

# 50 files, no impossibilities in 5 directories.

# Implicit Rules

%.pb.go %_gorums.pb.go: %.proto
#  commands to execute (from `Makefile', line 37):
	protoc -I=.:$(proto_include) \
	--go_out=paths=source_relative:. \
	--gorums_out=paths=source_relative:. \
	$<
	

# 1 implicit rules, 0 (0.0%) terminal.

# Files

# Not a target:
msg/hotstuff.proto:
#  Implicit rule search has been done.
#  Last modified 2022-08-18 16:21:16
#  File has been updated.
#  Successfully updated.
# variable set hash-table stats:
# Load=0/32=0%, Rehash=0, Collisions=0/0=0%

msg/hotstuff.pb.go: msg/hotstuff.proto
#  Implicit rule search has been done.
#  Implicit/static pattern stem: `msg/hotstuff'
#  Also makes: msg/hotstuff_gorums.pb.go
#  Last modified 2022-08-18 16:21:16
#  File has been updated.
#  Successfully updated.
# variable set hash-table stats:
# Load=0/32=0%, Rehash=0, Collisions=0/0=0%
#  commands to execute (from `Makefile', line 37):
	protoc -I=.:$(proto_include) \
	--go_out=paths=source_relative:. \
	--gorums_out=paths=source_relative:. \
	$<
	

all: hotstuff plot
#  Phony target (prerequisite of .PHONY).
#  Command-line target.
#  Implicit rule search has not been done.
#  File does not exist.
#  File has been updated.
#  Needs to be updated (-q is set).
# variable set hash-table stats:
# Load=0/32=0%, Rehash=0, Collisions=0/3=0%

.PHONY: all debug clean protos download tools hotstuff plot
#  Implicit rule search has not been done.
#  Modification time never checked.
#  File has not been updated.

protos: internal/proto/clientpb/client.pb.go msg/hotstuff.pb.go internal/proto/orchestrationpb/orchestration.pb.go metrics/types/types.pb.go internal/proto/clientpb/client_gorums.pb.go msg/hotstuff.proto
#  Phony target (prerequisite of .PHONY).
#  Implicit rule search has not been done.
#  File does not exist.
#  File has been updated.
#  Successfully updated.
# variable set hash-table stats:
# Load=0/32=0%, Rehash=0, Collisions=0/0=0%

# Not a target:
internal/proto/orchestrationpb/orchestration.proto:
#  Implicit rule search has been done.
#  Last modified 2022-08-10 17:28:15
#  File has been updated.
#  Successfully updated.
# variable set hash-table stats:
# Load=0/32=0%, Rehash=0, Collisions=0/0=0%

internal/proto/orchestrationpb/orchestration.pb.go: internal/proto/orchestrationpb/orchestration.proto
#  Implicit rule search has been done.
#  Implicit/static pattern stem: `internal/proto/orchestrationpb/orchestration'
#  Also makes: internal/proto/orchestrationpb/orchestration_gorums.pb.go
#  Last modified 2022-08-10 17:28:15
#  File has been updated.
#  Successfully updated.
# variable set hash-table stats:
# Load=0/32=0%, Rehash=0, Collisions=0/0=0%
#  commands to execute (from `Makefile', line 37):
	protoc -I=.:$(proto_include) \
	--go_out=paths=source_relative:. \
	--gorums_out=paths=source_relative:. \
	$<
	

# Not a target:
.SUFFIXES:
#  Implicit rule search has not been done.
#  Modification time never checked.
#  File has not been updated.

# Not a target:
Makefile:
#  Implicit rule search has been done.
#  Last modified 2022-08-18 16:21:16
#  File has been updated.
#  Successfully updated.
# variable set hash-table stats:
# Load=0/32=0%, Rehash=0, Collisions=0/0=0%

debug: hotstuff plot
#  Phony target (prerequisite of .PHONY).
#  Implicit rule search has not been done.
#  File does not exist.
#  File has not been updated.
# makefile (from `Makefile', line 16)
# GCFLAGS += -gcflags='all=-N -l'
# variable set hash-table stats:
# Load=1/32=3%, Rehash=0, Collisions=0/2=0%

test:
#  Implicit rule search has not been done.
#  Modification time never checked.
 
#  File has not been updated.
#  commands to execute (from `Makefile', line 31):
	@go test -v ./...
	

metrics/types/types_gorums.pb.go:
#  Implicit rule search has not been done.
#  Modification time never checked.
#  File has not been updated.

internal/proto/clientpb/client_gorums.pb.go: internal/proto/clientpb/client.proto
#  Implicit rule search has been done.
#  Implicit/static pattern stem: `internal/proto/clientpb/client'
#  Also makes: internal/proto/clientpb/client.pb.go
#  Last modified 2022-08-10 17:28:15
#  File has been updated.
#  Successfully updated.
# variable set hash-table stats:
# Load=0/32=0%, Rehash=0, Collisions=0/0=0%
#  commands to execute (from `Makefile', line 37):
	protoc -I=.:$(proto_include) \
	--go_out=paths=source_relative:. \
	--gorums_out=paths=source_relative:. \
	$<
	

# Not a target:
.DEFAULT:
#  Implicit rule search has not been done.
#  Modification time never checked.
#  File has not been updated.

# Not a target:
metrics/types/types.proto:
#  Implicit rule search has been done.
#  Last modified 2022-08-25 02:26:57
#  File has been updated.
#  Successfully updated.
# variable set hash-table stats:
# Load=0/32=0%, Rehash=0, Collisions=0/0=0%

metrics/types/types.pb.go: metrics/types/types.proto
#  Implicit rule search has been done.
#  Implicit/static pattern stem: `metrics/types/types'
#  Also makes: metrics/types/types_gorums.pb.go
#  Last modified 2022-08-25 02:27:02
#  File has been updated.
#  Successfully updated.
# variable set hash-table stats:
# Load=0/32=0%, Rehash=0, Collisions=0/0=0%
#  commands to execute (from `Makefile', line 37):
	protoc -I=.:$(proto_include) \
	--go_out=paths=source_relative:. \
	--gorums_out=paths=source_relative:. \
	$<
	

clean:
#  Phony target (prerequisite of .PHONY).
#  Implicit rule search has not been done.
#  File does not exist.
#  File has not been updated.
#  commands to execute (from `Makefile', line 34):
	@rm -fv $(binaries)
	

download:
#  Phony target (prerequisite of .PHONY).
#  Implicit rule search has not been done.
#  File does not exist.
#  File has not been updated.
#  commands to execute (from `Makefile', line 25):
	@go mod download
	

# Not a target:
internal/proto/clientpb/client.proto:
#  Implicit rule search has been done.
#  Last modified 2022-08-10 17:28:15
#  File has been updated.
#  Successfully updated.
# variable set hash-table stats:
# Load=0/32=0%, Rehash=0, Collisions=0/0=0%

msg/hotstuff_gorums.pb.go:
#  Implicit rule search has not been done.
#  Modification time never checked.
#  File has not been updated.

internal/proto/clientpb/client.pb.go: internal/proto/clientpb/client.proto
#  Implicit rule search has been done.
#  Implicit/static pattern stem: `internal/proto/clientpb/client'
#  Also makes: internal/proto/clientpb/client_gorums.pb.go
#  Last modified 2022-08-10 17:28:15
#  File has been updated.
#  Successfully updated.
# variable set hash-table stats:
# Load=0/32=0%, Rehash=0, Collisions=0/0=0%
#  commands to execute (from `Makefile', line 37):
	protoc -I=.:$(proto_include) \
	--go_out=paths=source_relative:. \
	--gorums_out=paths=source_relative:. \
	$<
	

plot: protos
#  Phony target (prerequisite of .PHONY).
#  Implicit rule search has not been done.
#  File does not exist.
#  File has not been updated.
#  commands to execute (from `Makefile', line 20):
	@go build -o ./$@ $(GCFLAGS) ./cmd/$@
	

hotstuff: protos
#  Phony target (prerequisite of .PHONY).
#  Implicit rule search has not been done.
#  Implicit/static pattern stem: `'
#  File does not exist.
#  File has been updated.
#  Needs to be updated (-q is set).
# automatic
# @ := hotstuff
# automatic
# % := 
# automatic
# * := 
# automatic
# + := protos
# automatic
# | := 
# automatic
# < := protos
# automatic
# ^ := protos
# automatic
# ? := protos
# variable set hash-table stats:
# Load=8/32=25%, Rehash=0, Collisions=1/13=8%
#  commands to execute (from `Makefile', line 20):
	@go build -o ./$@ $(GCFLAGS) ./cmd/$@
	

tools: download
#  Phony target (prerequisite of .PHONY).
#  Implicit rule search has not been done.
#  File does not exist.
#  File has not been updated.
#  commands to execute (from `Makefile', line 28):
	@cat tools.go | grep _ | awk -F'"' '{print $$2}' | xargs -I % go install %
	

internal/proto/orchestrationpb/orchestration_gorums.pb.go:
#  Implicit rule search has not been done.
#  Modification time never checked.
#  File has not been updated.

# files hash-table stats:
# Load=25/1024=2%, Rehash=0, Collisions=0/85=0%
# VPATH Search Paths

# No `vpath' search paths.

# No general (`VPATH' variable) search path.

# # of strings in strcache: 1
# # of strcache buffers: 1
# strcache size: total = 4096 / max = 4096 / min = 4096 / avg = 4096
# strcache free: total = 4087 / max = 4087 / min = 4087 / avg = 4087

# Finished Make data base on Thu Aug 25 18:55:14 2022

 
